
ff: parsing domain file
domain 'FAMILY-DOMAIN' defined
 ... done.
ff: parsing problem file
problem 'FAMILY-4' defined
 ... done.


got 75 facts

Cueing down from goal distance:    7 into depth [1]
                                   6            [1]
                                   5            [1]
                                   3            [1]
                                   2            [1]
                                   1            [1]
                                   0            

ff: found legal plan as follows

step    0: GIVE-BIRTH-TO-DAUGHTER P2 P1 P5
        1: GIVE-BIRTH-TO-DAUGHTER P2 P5 P4
        2: GIVE-BIRTH-TO-SON P2 P4 P3
        3: CONCLUDE-SIBLINGS P2 P3 P5
        4: CONCLUDE-UNCLE-AUNT-NEPHEW-NIECE P3 P5 P4
        5: CONCLUDE-GRANDUNCLE-GRANDAUNT P3 P4 P3
     

time spent:    0.00 seconds instantiating 625 easy, 0 hard action templates
               0.00 seconds reachability analysis, yielding 77 facts and 195 actions
               0.00 seconds creating final representation with 75 relevant facts
               0.00 seconds building connectivity graph
               0.00 seconds searching, evaluating 15 states, to a max depth of 1
               0.00 seconds total time

